<?xml version="1.0" encoding="UTF-8"?>
<!-- Generated by org.testng.reporters.JUnitReportReporter -->
<testsuite hostname="RazzNani" failures="0" tests="1" name="first.demo" time="44.568" errors="0" timestamp="08 Mar 2018 22:58:26 GMT" skipped="0">
  <testcase classname="first.demo" name="face" time="44.568"/>
</testsuite> <!-- first.demo -->
